<?xml version="1.0" encoding="UTF-8"?>
<testsuite xmlns:xsi="http://www.w3.org/2001/XMLSchema-instance" xsi:noNamespaceSchemaLocation="https://maven.apache.org/surefire/maven-surefire-plugin/xsd/surefire-test-report.xsd" version="3.0.2" name="com.senac.cadastro.PessoaTests" time="2.083" tests="6" errors="0" skipped="0" failures="1">
  <properties>
    <property name="java.specification.version" value="17"/>
    <property name="sun.jnu.encoding" value="UTF-8"/>
    <property name="java.class.path" value="/mnt/c/Users/Lucas51812876/Documents/cadastro/cadastro/target/test-classes:/mnt/c/Users/Lucas51812876/Documents/cadastro/cadastro/target/classes:/home/senac/.m2/repository/org/springframework/boot/spring-boot-starter-actuator/3.4.5/spring-boot-starter-actuator-3.4.5.jar:/home/senac/.m2/repository/org/springframework/boot/spring-boot-starter/3.4.5/spring-boot-starter-3.4.5.jar:/home/senac/.m2/repository/org/springframework/boot/spring-boot/3.4.5/spring-boot-3.4.5.jar:/home/senac/.m2/repository/org/springframework/boot/spring-boot-autoconfigure/3.4.5/spring-boot-autoconfigure-3.4.5.jar:/home/senac/.m2/repository/org/springframework/boot/spring-boot-starter-logging/3.4.5/spring-boot-starter-logging-3.4.5.jar:/home/senac/.m2/repository/ch/qos/logback/logback-classic/1.5.18/logback-classic-1.5.18.jar:/home/senac/.m2/repository/ch/qos/logback/logback-core/1.5.18/logback-core-1.5.18.jar:/home/senac/.m2/repository/org/apache/logging/log4j/log4j-to-slf4j/2.24.3/log4j-to-slf4j-2.24.3.jar:/home/senac/.m2/repository/org/apache/logging/log4j/log4j-api/2.24.3/log4j-api-2.24.3.jar:/home/senac/.m2/repository/org/slf4j/jul-to-slf4j/2.0.17/jul-to-slf4j-2.0.17.jar:/home/senac/.m2/repository/jakarta/annotation/jakarta.annotation-api/2.1.1/jakarta.annotation-api-2.1.1.jar:/home/senac/.m2/repository/org/yaml/snakeyaml/2.3/snakeyaml-2.3.jar:/home/senac/.m2/repository/org/springframework/boot/spring-boot-actuator-autoconfigure/3.4.5/spring-boot-actuator-autoconfigure-3.4.5.jar:/home/senac/.m2/repository/org/springframework/boot/spring-boot-actuator/3.4.5/spring-boot-actuator-3.4.5.jar:/home/senac/.m2/repository/com/fasterxml/jackson/datatype/jackson-datatype-jsr310/2.18.3/jackson-datatype-jsr310-2.18.3.jar:/home/senac/.m2/repository/io/micrometer/micrometer-observation/1.14.6/micrometer-observation-1.14.6.jar:/home/senac/.m2/repository/io/micrometer/micrometer-commons/1.14.6/micrometer-commons-1.14.6.jar:/home/senac/.m2/repository/io/micrometer/micrometer-jakarta9/1.14.6/micrometer-jakarta9-1.14.6.jar:/home/senac/.m2/repository/io/micrometer/micrometer-core/1.14.6/micrometer-core-1.14.6.jar:/home/senac/.m2/repository/org/hdrhistogram/HdrHistogram/2.2.2/HdrHistogram-2.2.2.jar:/home/senac/.m2/repository/org/latencyutils/LatencyUtils/2.0.3/LatencyUtils-2.0.3.jar:/home/senac/.m2/repository/org/springframework/boot/spring-boot-starter-data-jpa/3.4.5/spring-boot-starter-data-jpa-3.4.5.jar:/home/senac/.m2/repository/org/springframework/boot/spring-boot-starter-jdbc/3.4.5/spring-boot-starter-jdbc-3.4.5.jar:/home/senac/.m2/repository/com/zaxxer/HikariCP/5.1.0/HikariCP-5.1.0.jar:/home/senac/.m2/repository/org/springframework/spring-jdbc/6.2.6/spring-jdbc-6.2.6.jar:/home/senac/.m2/repository/org/hibernate/orm/hibernate-core/6.6.13.Final/hibernate-core-6.6.13.Final.jar:/home/senac/.m2/repository/jakarta/persistence/jakarta.persistence-api/3.1.0/jakarta.persistence-api-3.1.0.jar:/home/senac/.m2/repository/jakarta/transaction/jakarta.transaction-api/2.0.1/jakarta.transaction-api-2.0.1.jar:/home/senac/.m2/repository/org/hibernate/common/hibernate-commons-annotations/7.0.3.Final/hibernate-commons-annotations-7.0.3.Final.jar:/home/senac/.m2/repository/io/smallrye/jandex/3.2.0/jandex-3.2.0.jar:/home/senac/.m2/repository/org/glassfish/jaxb/jaxb-runtime/4.0.5/jaxb-runtime-4.0.5.jar:/home/senac/.m2/repository/org/glassfish/jaxb/jaxb-core/4.0.5/jaxb-core-4.0.5.jar:/home/senac/.m2/repository/org/eclipse/angus/angus-activation/2.0.2/angus-activation-2.0.2.jar:/home/senac/.m2/repository/org/glassfish/jaxb/txw2/4.0.5/txw2-4.0.5.jar:/home/senac/.m2/repository/com/sun/istack/istack-commons-runtime/4.1.2/istack-commons-runtime-4.1.2.jar:/home/senac/.m2/repository/jakarta/inject/jakarta.inject-api/2.0.1/jakarta.inject-api-2.0.1.jar:/home/senac/.m2/repository/org/antlr/antlr4-runtime/4.13.0/antlr4-runtime-4.13.0.jar:/home/senac/.m2/repository/org/springframework/data/spring-data-jpa/3.4.5/spring-data-jpa-3.4.5.jar:/home/senac/.m2/repository/org/springframework/data/spring-data-commons/3.4.5/spring-data-commons-3.4.5.jar:/home/senac/.m2/repository/org/springframework/spring-orm/6.2.6/spring-orm-6.2.6.jar:/home/senac/.m2/repository/org/springframework/spring-context/6.2.6/spring-context-6.2.6.jar:/home/senac/.m2/repository/org/springframework/spring-aop/6.2.6/spring-aop-6.2.6.jar:/home/senac/.m2/repository/org/springframework/spring-tx/6.2.6/spring-tx-6.2.6.jar:/home/senac/.m2/repository/org/springframework/spring-beans/6.2.6/spring-beans-6.2.6.jar:/home/senac/.m2/repository/org/slf4j/slf4j-api/2.0.17/slf4j-api-2.0.17.jar:/home/senac/.m2/repository/org/springframework/spring-aspects/6.2.6/spring-aspects-6.2.6.jar:/home/senac/.m2/repository/org/aspectj/aspectjweaver/1.9.24/aspectjweaver-1.9.24.jar:/home/senac/.m2/repository/org/springframework/boot/spring-boot-starter-web/3.4.5/spring-boot-starter-web-3.4.5.jar:/home/senac/.m2/repository/org/springframework/boot/spring-boot-starter-json/3.4.5/spring-boot-starter-json-3.4.5.jar:/home/senac/.m2/repository/com/fasterxml/jackson/datatype/jackson-datatype-jdk8/2.18.3/jackson-datatype-jdk8-2.18.3.jar:/home/senac/.m2/repository/com/fasterxml/jackson/module/jackson-module-parameter-names/2.18.3/jackson-module-parameter-names-2.18.3.jar:/home/senac/.m2/repository/org/springframework/boot/spring-boot-starter-tomcat/3.4.5/spring-boot-starter-tomcat-3.4.5.jar:/home/senac/.m2/repository/org/apache/tomcat/embed/tomcat-embed-core/10.1.40/tomcat-embed-core-10.1.40.jar:/home/senac/.m2/repository/org/apache/tomcat/embed/tomcat-embed-websocket/10.1.40/tomcat-embed-websocket-10.1.40.jar:/home/senac/.m2/repository/org/springframework/spring-web/6.2.6/spring-web-6.2.6.jar:/home/senac/.m2/repository/org/springframework/spring-webmvc/6.2.6/spring-webmvc-6.2.6.jar:/home/senac/.m2/repository/org/springframework/spring-expression/6.2.6/spring-expression-6.2.6.jar:/home/senac/.m2/repository/org/springframework/boot/spring-boot-starter-test/3.4.5/spring-boot-starter-test-3.4.5.jar:/home/senac/.m2/repository/org/springframework/boot/spring-boot-test/3.4.5/spring-boot-test-3.4.5.jar:/home/senac/.m2/repository/org/springframework/boot/spring-boot-test-autoconfigure/3.4.5/spring-boot-test-autoconfigure-3.4.5.jar:/home/senac/.m2/repository/com/jayway/jsonpath/json-path/2.9.0/json-path-2.9.0.jar:/home/senac/.m2/repository/jakarta/xml/bind/jakarta.xml.bind-api/4.0.2/jakarta.xml.bind-api-4.0.2.jar:/home/senac/.m2/repository/jakarta/activation/jakarta.activation-api/2.1.3/jakarta.activation-api-2.1.3.jar:/home/senac/.m2/repository/net/minidev/json-smart/2.5.2/json-smart-2.5.2.jar:/home/senac/.m2/repository/net/minidev/accessors-smart/2.5.2/accessors-smart-2.5.2.jar:/home/senac/.m2/repository/org/ow2/asm/asm/9.7.1/asm-9.7.1.jar:/home/senac/.m2/repository/org/assertj/assertj-core/3.26.3/assertj-core-3.26.3.jar:/home/senac/.m2/repository/org/awaitility/awaitility/4.2.2/awaitility-4.2.2.jar:/home/senac/.m2/repository/org/hamcrest/hamcrest/2.2/hamcrest-2.2.jar:/home/senac/.m2/repository/org/junit/jupiter/junit-jupiter/5.11.4/junit-jupiter-5.11.4.jar:/home/senac/.m2/repository/org/junit/jupiter/junit-jupiter-params/5.11.4/junit-jupiter-params-5.11.4.jar:/home/senac/.m2/repository/org/junit/jupiter/junit-jupiter-engine/5.11.4/junit-jupiter-engine-5.11.4.jar:/home/senac/.m2/repository/org/junit/platform/junit-platform-engine/1.11.4/junit-platform-engine-1.11.4.jar:/home/senac/.m2/repository/org/mockito/mockito-junit-jupiter/5.14.2/mockito-junit-jupiter-5.14.2.jar:/home/senac/.m2/repository/org/skyscreamer/jsonassert/1.5.3/jsonassert-1.5.3.jar:/home/senac/.m2/repository/com/vaadin/external/google/android-json/0.0.20131108.vaadin1/android-json-0.0.20131108.vaadin1.jar:/home/senac/.m2/repository/org/springframework/spring-core/6.2.6/spring-core-6.2.6.jar:/home/senac/.m2/repository/org/springframework/spring-jcl/6.2.6/spring-jcl-6.2.6.jar:/home/senac/.m2/repository/org/springframework/spring-test/6.2.6/spring-test-6.2.6.jar:/home/senac/.m2/repository/org/xmlunit/xmlunit-core/2.10.0/xmlunit-core-2.10.0.jar:/home/senac/.m2/repository/org/springframework/boot/spring-boot-starter-validation/3.4.5/spring-boot-starter-validation-3.4.5.jar:/home/senac/.m2/repository/org/apache/tomcat/embed/tomcat-embed-el/10.1.40/tomcat-embed-el-10.1.40.jar:/home/senac/.m2/repository/jakarta/validation/jakarta.validation-api/3.0.2/jakarta.validation-api-3.0.2.jar:/home/senac/.m2/repository/org/hibernate/validator/hibernate-validator/8.0.2.Final/hibernate-validator-8.0.2.Final.jar:/home/senac/.m2/repository/org/jboss/logging/jboss-logging/3.6.1.Final/jboss-logging-3.6.1.Final.jar:/home/senac/.m2/repository/com/fasterxml/classmate/1.7.0/classmate-1.7.0.jar:/home/senac/.m2/repository/com/mysql/mysql-connector-j/9.1.0/mysql-connector-j-9.1.0.jar:/home/senac/.m2/repository/junit/junit/4.13.2/junit-4.13.2.jar:/home/senac/.m2/repository/org/hamcrest/hamcrest-core/2.2/hamcrest-core-2.2.jar:/home/senac/.m2/repository/org/junit/jupiter/junit-jupiter-api/5.11.4/junit-jupiter-api-5.11.4.jar:/home/senac/.m2/repository/org/opentest4j/opentest4j/1.3.0/opentest4j-1.3.0.jar:/home/senac/.m2/repository/org/junit/platform/junit-platform-commons/1.11.4/junit-platform-commons-1.11.4.jar:/home/senac/.m2/repository/org/apiguardian/apiguardian-api/1.1.2/apiguardian-api-1.1.2.jar:/home/senac/.m2/repository/org/mockito/mockito-core/5.14.2/mockito-core-5.14.2.jar:/home/senac/.m2/repository/net/bytebuddy/byte-buddy/1.15.11/byte-buddy-1.15.11.jar:/home/senac/.m2/repository/net/bytebuddy/byte-buddy-agent/1.15.11/byte-buddy-agent-1.15.11.jar:/home/senac/.m2/repository/org/objenesis/objenesis/3.3/objenesis-3.3.jar:/home/senac/.m2/repository/org/mockito/mockito-all/1.10.19/mockito-all-1.10.19.jar:/home/senac/.m2/repository/com/fasterxml/jackson/core/jackson-databind/2.18.3/jackson-databind-2.18.3.jar:/home/senac/.m2/repository/com/fasterxml/jackson/core/jackson-annotations/2.18.3/jackson-annotations-2.18.3.jar:/home/senac/.m2/repository/com/fasterxml/jackson/core/jackson-core/2.18.3/jackson-core-2.18.3.jar:"/>
    <property name="java.vm.vendor" value="Debian"/>
    <property name="sun.arch.data.model" value="64"/>
    <property name="java.vendor.url" value="https://tracker.debian.org/openjdk-17"/>
    <property name="user.timezone" value="America/Sao_Paulo"/>
    <property name="org.jboss.logging.provider" value="slf4j"/>
    <property name="os.name" value="Linux"/>
    <property name="java.vm.specification.version" value="17"/>
    <property name="APPLICATION_NAME" value="cadastro"/>
    <property name="sun.java.launcher" value="SUN_STANDARD"/>
    <property name="user.country" value="US"/>
    <property name="sun.boot.library.path" value="/usr/lib/jvm/java-17-openjdk-amd64/lib"/>
    <property name="sun.java.command" value="/mnt/c/Users/Lucas51812876/Documents/cadastro/cadastro/target/surefire/surefirebooter-20250520111806847_3.jar /mnt/c/Users/Lucas51812876/Documents/cadastro/cadastro/target/surefire 2025-05-20T11-18-06_762-jvmRun1 surefire-20250520111806847_1tmp surefire_0-20250520111806847_2tmp"/>
    <property name="jdk.debug" value="release"/>
    <property name="surefire.test.class.path" value="/mnt/c/Users/Lucas51812876/Documents/cadastro/cadastro/target/test-classes:/mnt/c/Users/Lucas51812876/Documents/cadastro/cadastro/target/classes:/home/senac/.m2/repository/org/springframework/boot/spring-boot-starter-actuator/3.4.5/spring-boot-starter-actuator-3.4.5.jar:/home/senac/.m2/repository/org/springframework/boot/spring-boot-starter/3.4.5/spring-boot-starter-3.4.5.jar:/home/senac/.m2/repository/org/springframework/boot/spring-boot/3.4.5/spring-boot-3.4.5.jar:/home/senac/.m2/repository/org/springframework/boot/spring-boot-autoconfigure/3.4.5/spring-boot-autoconfigure-3.4.5.jar:/home/senac/.m2/repository/org/springframework/boot/spring-boot-starter-logging/3.4.5/spring-boot-starter-logging-3.4.5.jar:/home/senac/.m2/repository/ch/qos/logback/logback-classic/1.5.18/logback-classic-1.5.18.jar:/home/senac/.m2/repository/ch/qos/logback/logback-core/1.5.18/logback-core-1.5.18.jar:/home/senac/.m2/repository/org/apache/logging/log4j/log4j-to-slf4j/2.24.3/log4j-to-slf4j-2.24.3.jar:/home/senac/.m2/repository/org/apache/logging/log4j/log4j-api/2.24.3/log4j-api-2.24.3.jar:/home/senac/.m2/repository/org/slf4j/jul-to-slf4j/2.0.17/jul-to-slf4j-2.0.17.jar:/home/senac/.m2/repository/jakarta/annotation/jakarta.annotation-api/2.1.1/jakarta.annotation-api-2.1.1.jar:/home/senac/.m2/repository/org/yaml/snakeyaml/2.3/snakeyaml-2.3.jar:/home/senac/.m2/repository/org/springframework/boot/spring-boot-actuator-autoconfigure/3.4.5/spring-boot-actuator-autoconfigure-3.4.5.jar:/home/senac/.m2/repository/org/springframework/boot/spring-boot-actuator/3.4.5/spring-boot-actuator-3.4.5.jar:/home/senac/.m2/repository/com/fasterxml/jackson/datatype/jackson-datatype-jsr310/2.18.3/jackson-datatype-jsr310-2.18.3.jar:/home/senac/.m2/repository/io/micrometer/micrometer-observation/1.14.6/micrometer-observation-1.14.6.jar:/home/senac/.m2/repository/io/micrometer/micrometer-commons/1.14.6/micrometer-commons-1.14.6.jar:/home/senac/.m2/repository/io/micrometer/micrometer-jakarta9/1.14.6/micrometer-jakarta9-1.14.6.jar:/home/senac/.m2/repository/io/micrometer/micrometer-core/1.14.6/micrometer-core-1.14.6.jar:/home/senac/.m2/repository/org/hdrhistogram/HdrHistogram/2.2.2/HdrHistogram-2.2.2.jar:/home/senac/.m2/repository/org/latencyutils/LatencyUtils/2.0.3/LatencyUtils-2.0.3.jar:/home/senac/.m2/repository/org/springframework/boot/spring-boot-starter-data-jpa/3.4.5/spring-boot-starter-data-jpa-3.4.5.jar:/home/senac/.m2/repository/org/springframework/boot/spring-boot-starter-jdbc/3.4.5/spring-boot-starter-jdbc-3.4.5.jar:/home/senac/.m2/repository/com/zaxxer/HikariCP/5.1.0/HikariCP-5.1.0.jar:/home/senac/.m2/repository/org/springframework/spring-jdbc/6.2.6/spring-jdbc-6.2.6.jar:/home/senac/.m2/repository/org/hibernate/orm/hibernate-core/6.6.13.Final/hibernate-core-6.6.13.Final.jar:/home/senac/.m2/repository/jakarta/persistence/jakarta.persistence-api/3.1.0/jakarta.persistence-api-3.1.0.jar:/home/senac/.m2/repository/jakarta/transaction/jakarta.transaction-api/2.0.1/jakarta.transaction-api-2.0.1.jar:/home/senac/.m2/repository/org/hibernate/common/hibernate-commons-annotations/7.0.3.Final/hibernate-commons-annotations-7.0.3.Final.jar:/home/senac/.m2/repository/io/smallrye/jandex/3.2.0/jandex-3.2.0.jar:/home/senac/.m2/repository/org/glassfish/jaxb/jaxb-runtime/4.0.5/jaxb-runtime-4.0.5.jar:/home/senac/.m2/repository/org/glassfish/jaxb/jaxb-core/4.0.5/jaxb-core-4.0.5.jar:/home/senac/.m2/repository/org/eclipse/angus/angus-activation/2.0.2/angus-activation-2.0.2.jar:/home/senac/.m2/repository/org/glassfish/jaxb/txw2/4.0.5/txw2-4.0.5.jar:/home/senac/.m2/repository/com/sun/istack/istack-commons-runtime/4.1.2/istack-commons-runtime-4.1.2.jar:/home/senac/.m2/repository/jakarta/inject/jakarta.inject-api/2.0.1/jakarta.inject-api-2.0.1.jar:/home/senac/.m2/repository/org/antlr/antlr4-runtime/4.13.0/antlr4-runtime-4.13.0.jar:/home/senac/.m2/repository/org/springframework/data/spring-data-jpa/3.4.5/spring-data-jpa-3.4.5.jar:/home/senac/.m2/repository/org/springframework/data/spring-data-commons/3.4.5/spring-data-commons-3.4.5.jar:/home/senac/.m2/repository/org/springframework/spring-orm/6.2.6/spring-orm-6.2.6.jar:/home/senac/.m2/repository/org/springframework/spring-context/6.2.6/spring-context-6.2.6.jar:/home/senac/.m2/repository/org/springframework/spring-aop/6.2.6/spring-aop-6.2.6.jar:/home/senac/.m2/repository/org/springframework/spring-tx/6.2.6/spring-tx-6.2.6.jar:/home/senac/.m2/repository/org/springframework/spring-beans/6.2.6/spring-beans-6.2.6.jar:/home/senac/.m2/repository/org/slf4j/slf4j-api/2.0.17/slf4j-api-2.0.17.jar:/home/senac/.m2/repository/org/springframework/spring-aspects/6.2.6/spring-aspects-6.2.6.jar:/home/senac/.m2/repository/org/aspectj/aspectjweaver/1.9.24/aspectjweaver-1.9.24.jar:/home/senac/.m2/repository/org/springframework/boot/spring-boot-starter-web/3.4.5/spring-boot-starter-web-3.4.5.jar:/home/senac/.m2/repository/org/springframework/boot/spring-boot-starter-json/3.4.5/spring-boot-starter-json-3.4.5.jar:/home/senac/.m2/repository/com/fasterxml/jackson/datatype/jackson-datatype-jdk8/2.18.3/jackson-datatype-jdk8-2.18.3.jar:/home/senac/.m2/repository/com/fasterxml/jackson/module/jackson-module-parameter-names/2.18.3/jackson-module-parameter-names-2.18.3.jar:/home/senac/.m2/repository/org/springframework/boot/spring-boot-starter-tomcat/3.4.5/spring-boot-starter-tomcat-3.4.5.jar:/home/senac/.m2/repository/org/apache/tomcat/embed/tomcat-embed-core/10.1.40/tomcat-embed-core-10.1.40.jar:/home/senac/.m2/repository/org/apache/tomcat/embed/tomcat-embed-websocket/10.1.40/tomcat-embed-websocket-10.1.40.jar:/home/senac/.m2/repository/org/springframework/spring-web/6.2.6/spring-web-6.2.6.jar:/home/senac/.m2/repository/org/springframework/spring-webmvc/6.2.6/spring-webmvc-6.2.6.jar:/home/senac/.m2/repository/org/springframework/spring-expression/6.2.6/spring-expression-6.2.6.jar:/home/senac/.m2/repository/org/springframework/boot/spring-boot-starter-test/3.4.5/spring-boot-starter-test-3.4.5.jar:/home/senac/.m2/repository/org/springframework/boot/spring-boot-test/3.4.5/spring-boot-test-3.4.5.jar:/home/senac/.m2/repository/org/springframework/boot/spring-boot-test-autoconfigure/3.4.5/spring-boot-test-autoconfigure-3.4.5.jar:/home/senac/.m2/repository/com/jayway/jsonpath/json-path/2.9.0/json-path-2.9.0.jar:/home/senac/.m2/repository/jakarta/xml/bind/jakarta.xml.bind-api/4.0.2/jakarta.xml.bind-api-4.0.2.jar:/home/senac/.m2/repository/jakarta/activation/jakarta.activation-api/2.1.3/jakarta.activation-api-2.1.3.jar:/home/senac/.m2/repository/net/minidev/json-smart/2.5.2/json-smart-2.5.2.jar:/home/senac/.m2/repository/net/minidev/accessors-smart/2.5.2/accessors-smart-2.5.2.jar:/home/senac/.m2/repository/org/ow2/asm/asm/9.7.1/asm-9.7.1.jar:/home/senac/.m2/repository/org/assertj/assertj-core/3.26.3/assertj-core-3.26.3.jar:/home/senac/.m2/repository/org/awaitility/awaitility/4.2.2/awaitility-4.2.2.jar:/home/senac/.m2/repository/org/hamcrest/hamcrest/2.2/hamcrest-2.2.jar:/home/senac/.m2/repository/org/junit/jupiter/junit-jupiter/5.11.4/junit-jupiter-5.11.4.jar:/home/senac/.m2/repository/org/junit/jupiter/junit-jupiter-params/5.11.4/junit-jupiter-params-5.11.4.jar:/home/senac/.m2/repository/org/junit/jupiter/junit-jupiter-engine/5.11.4/junit-jupiter-engine-5.11.4.jar:/home/senac/.m2/repository/org/junit/platform/junit-platform-engine/1.11.4/junit-platform-engine-1.11.4.jar:/home/senac/.m2/repository/org/mockito/mockito-junit-jupiter/5.14.2/mockito-junit-jupiter-5.14.2.jar:/home/senac/.m2/repository/org/skyscreamer/jsonassert/1.5.3/jsonassert-1.5.3.jar:/home/senac/.m2/repository/com/vaadin/external/google/android-json/0.0.20131108.vaadin1/android-json-0.0.20131108.vaadin1.jar:/home/senac/.m2/repository/org/springframework/spring-core/6.2.6/spring-core-6.2.6.jar:/home/senac/.m2/repository/org/springframework/spring-jcl/6.2.6/spring-jcl-6.2.6.jar:/home/senac/.m2/repository/org/springframework/spring-test/6.2.6/spring-test-6.2.6.jar:/home/senac/.m2/repository/org/xmlunit/xmlunit-core/2.10.0/xmlunit-core-2.10.0.jar:/home/senac/.m2/repository/org/springframework/boot/spring-boot-starter-validation/3.4.5/spring-boot-starter-validation-3.4.5.jar:/home/senac/.m2/repository/org/apache/tomcat/embed/tomcat-embed-el/10.1.40/tomcat-embed-el-10.1.40.jar:/home/senac/.m2/repository/jakarta/validation/jakarta.validation-api/3.0.2/jakarta.validation-api-3.0.2.jar:/home/senac/.m2/repository/org/hibernate/validator/hibernate-validator/8.0.2.Final/hibernate-validator-8.0.2.Final.jar:/home/senac/.m2/repository/org/jboss/logging/jboss-logging/3.6.1.Final/jboss-logging-3.6.1.Final.jar:/home/senac/.m2/repository/com/fasterxml/classmate/1.7.0/classmate-1.7.0.jar:/home/senac/.m2/repository/com/mysql/mysql-connector-j/9.1.0/mysql-connector-j-9.1.0.jar:/home/senac/.m2/repository/junit/junit/4.13.2/junit-4.13.2.jar:/home/senac/.m2/repository/org/hamcrest/hamcrest-core/2.2/hamcrest-core-2.2.jar:/home/senac/.m2/repository/org/junit/jupiter/junit-jupiter-api/5.11.4/junit-jupiter-api-5.11.4.jar:/home/senac/.m2/repository/org/opentest4j/opentest4j/1.3.0/opentest4j-1.3.0.jar:/home/senac/.m2/repository/org/junit/platform/junit-platform-commons/1.11.4/junit-platform-commons-1.11.4.jar:/home/senac/.m2/repository/org/apiguardian/apiguardian-api/1.1.2/apiguardian-api-1.1.2.jar:/home/senac/.m2/repository/org/mockito/mockito-core/5.14.2/mockito-core-5.14.2.jar:/home/senac/.m2/repository/net/bytebuddy/byte-buddy/1.15.11/byte-buddy-1.15.11.jar:/home/senac/.m2/repository/net/bytebuddy/byte-buddy-agent/1.15.11/byte-buddy-agent-1.15.11.jar:/home/senac/.m2/repository/org/objenesis/objenesis/3.3/objenesis-3.3.jar:/home/senac/.m2/repository/org/mockito/mockito-all/1.10.19/mockito-all-1.10.19.jar:/home/senac/.m2/repository/com/fasterxml/jackson/core/jackson-databind/2.18.3/jackson-databind-2.18.3.jar:/home/senac/.m2/repository/com/fasterxml/jackson/core/jackson-annotations/2.18.3/jackson-annotations-2.18.3.jar:/home/senac/.m2/repository/com/fasterxml/jackson/core/jackson-core/2.18.3/jackson-core-2.18.3.jar:"/>
    <property name="sun.cpu.endian" value="little"/>
    <property name="user.home" value="/home/senac"/>
    <property name="user.language" value="en"/>
    <property name="java.specification.vendor" value="Oracle Corporation"/>
    <property name="java.version.date" value="2025-04-15"/>
    <property name="java.home" value="/usr/lib/jvm/java-17-openjdk-amd64"/>
    <property name="file.separator" value="/"/>
    <property name="basedir" value="/mnt/c/Users/Lucas51812876/Documents/cadastro/cadastro"/>
    <property name="java.vm.compressedOopsMode" value="32-bit"/>
    <property name="line.separator" value="&#10;"/>
    <property name="java.specification.name" value="Java Platform API Specification"/>
    <property name="java.vm.specification.vendor" value="Oracle Corporation"/>
    <property name="FILE_LOG_CHARSET" value="UTF-8"/>
    <property name="java.awt.headless" value="true"/>
    <property name="surefire.real.class.path" value="/mnt/c/Users/Lucas51812876/Documents/cadastro/cadastro/target/surefire/surefirebooter-20250520111806847_3.jar"/>
    <property name="sun.management.compiler" value="HotSpot 64-Bit Tiered Compilers"/>
    <property name="java.runtime.version" value="17.0.15+6-Debian-1deb12u1"/>
    <property name="user.name" value="senac"/>
    <property name="path.separator" value=":"/>
    <property name="os.version" value="5.10.102.1-microsoft-standard-WSL2"/>
    <property name="java.runtime.name" value="OpenJDK Runtime Environment"/>
    <property name="file.encoding" value="UTF-8"/>
    <property name="java.vm.name" value="OpenJDK 64-Bit Server VM"/>
    <property name="localRepository" value="/home/senac/.m2/repository"/>
    <property name="java.vendor.url.bug" value="https://bugs.debian.org/openjdk-17"/>
    <property name="java.io.tmpdir" value="/tmp"/>
    <property name="com.zaxxer.hikari.pool_number" value="2"/>
    <property name="java.version" value="17.0.15"/>
    <property name="user.dir" value="/mnt/c/Users/Lucas51812876/Documents/cadastro/cadastro"/>
    <property name="os.arch" value="amd64"/>
    <property name="java.vm.specification.name" value="Java Virtual Machine Specification"/>
    <property name="PID" value="6539"/>
    <property name="CONSOLE_LOG_CHARSET" value="UTF-8"/>
    <property name="native.encoding" value="UTF-8"/>
    <property name="java.library.path" value="/usr/java/packages/lib:/usr/lib/x86_64-linux-gnu/jni:/lib/x86_64-linux-gnu:/usr/lib/x86_64-linux-gnu:/usr/lib/jni:/lib:/usr/lib"/>
    <property name="java.vm.info" value="mixed mode, sharing"/>
    <property name="java.vendor" value="Debian"/>
    <property name="java.vm.version" value="17.0.15+6-Debian-1deb12u1"/>
    <property name="java.specification.maintenance.version" value="1"/>
    <property name="sun.io.unicode.encoding" value="UnicodeLittle"/>
    <property name="java.class.version" value="61.0"/>
    <property name="LOGGED_APPLICATION_NAME" value="[cadastro] "/>
  </properties>
  <testcase name="testInserirCPFDeveSerValidoComPadrao" classname="com.senac.cadastro.PessoaTests" time="0.09">
    <system-out><![CDATA[2025-05-20T11:18:18.392-03:00  INFO 6539 --- [cadastro] [           main] t.c.s.AnnotationConfigContextLoaderUtils : Could not detect default configuration classes for test class [com.senac.cadastro.PessoaTests]: PessoaTests does not declare any static, non-private, non-final, nested classes annotated with @Configuration.
2025-05-20T11:18:18.395-03:00  INFO 6539 --- [cadastro] [           main] .b.t.c.SpringBootTestContextBootstrapper : Found @SpringBootConfiguration com.senac.cadastro.CadastroApplication for test class com.senac.cadastro.PessoaTests

  .   ____          _            __ _ _
 /\\ / ___'_ __ _ _(_)_ __  __ _ \ \ \ \
( ( )\___ | '_ | '_| | '_ \/ _` | \ \ \ \
 \\/  ___)| |_)| | | | | || (_| |  ) ) ) )
  '  |____| .__|_| |_|_| |_\__, | / / / /
 =========|_|==============|___/=/_/_/_/

 :: Spring Boot ::                (v3.4.5)

2025-05-20T11:18:18.457-03:00  INFO 6539 --- [cadastro] [           main] com.senac.cadastro.PessoaTests           : Starting PessoaTests using Java 17.0.15 with PID 6539 (started by senac in /mnt/c/Users/Lucas51812876/Documents/cadastro/cadastro)
2025-05-20T11:18:18.457-03:00  INFO 6539 --- [cadastro] [           main] com.senac.cadastro.PessoaTests           : The following 1 profile is active: "test"
2025-05-20T11:18:19.046-03:00  INFO 6539 --- [cadastro] [           main] .s.d.r.c.RepositoryConfigurationDelegate : Bootstrapping Spring Data JPA repositories in DEFAULT mode.
2025-05-20T11:18:19.107-03:00  INFO 6539 --- [cadastro] [           main] .s.d.r.c.RepositoryConfigurationDelegate : Finished Spring Data repository scanning in 59 ms. Found 1 JPA repository interface.
2025-05-20T11:18:19.226-03:00  INFO 6539 --- [cadastro] [           main] o.hibernate.jpa.internal.util.LogHelper  : HHH000204: Processing PersistenceUnitInfo [name: default]
2025-05-20T11:18:19.246-03:00  INFO 6539 --- [cadastro] [           main] o.h.c.internal.RegionFactoryInitiator    : HHH000026: Second-level cache disabled
2025-05-20T11:18:19.279-03:00  INFO 6539 --- [cadastro] [           main] o.s.o.j.p.SpringPersistenceUnitInfo      : No LoadTimeWeaver setup: ignoring JPA class transformer
2025-05-20T11:18:19.282-03:00  INFO 6539 --- [cadastro] [           main] com.zaxxer.hikari.HikariDataSource       : HikariPool-2 - Starting...
2025-05-20T11:18:19.297-03:00  INFO 6539 --- [cadastro] [           main] com.zaxxer.hikari.pool.HikariPool        : HikariPool-2 - Added connection com.mysql.cj.jdbc.ConnectionImpl@5771adf3
2025-05-20T11:18:19.297-03:00  INFO 6539 --- [cadastro] [           main] com.zaxxer.hikari.HikariDataSource       : HikariPool-2 - Start completed.
2025-05-20T11:18:19.298-03:00  WARN 6539 --- [cadastro] [           main] org.hibernate.orm.deprecation            : HHH90000025: MySQLDialect does not need to be specified explicitly using 'hibernate.dialect' (remove the property setting and it will be selected by default)
2025-05-20T11:18:19.298-03:00  INFO 6539 --- [cadastro] [           main] org.hibernate.orm.connections.pooling    : HHH10001005: Database info:
	Database JDBC URL [Connecting through datasource 'HikariDataSource (HikariPool-2)']
	Database driver: undefined/unknown
	Database version: 8.0.34
	Autocommit mode: undefined/unknown
	Isolation level: undefined/unknown
	Minimum pool size: undefined/unknown
	Maximum pool size: undefined/unknown
2025-05-20T11:18:19.382-03:00  INFO 6539 --- [cadastro] [           main] o.h.e.t.j.p.i.JtaPlatformInitiator       : HHH000489: No JTA platform available (set 'hibernate.transaction.jta.platform' to enable JTA platform integration)
2025-05-20T11:18:19.391-03:00  INFO 6539 --- [cadastro] [           main] j.LocalContainerEntityManagerFactoryBean : Initialized JPA EntityManagerFactory for persistence unit 'default'
2025-05-20T11:18:19.579-03:00  WARN 6539 --- [cadastro] [           main] JpaBaseConfiguration$JpaWebConfiguration : spring.jpa.open-in-view is enabled by default. Therefore, database queries may be performed during view rendering. Explicitly configure spring.jpa.open-in-view to disable this warning
2025-05-20T11:18:20.035-03:00  INFO 6539 --- [cadastro] [           main] o.s.b.a.e.web.EndpointLinksResolver      : Exposing 1 endpoint beneath base path '/actuator'
2025-05-20T11:18:20.056-03:00  INFO 6539 --- [cadastro] [           main] com.senac.cadastro.PessoaTests           : Started PessoaTests in 1.654 seconds (process running for 13.128)
]]></system-out>
  </testcase>
  <testcase name="ListarPessoasPorLetra" classname="com.senac.cadastro.PessoaTests" time="0.263">
    <system-out><![CDATA[Hibernate: select p1_0.id,p1_0.cpf,p1_0.data_nascimento,p1_0.email,p1_0.endereco,p1_0.nome,p1_0.telefone from pessoa p1_0 where upper(p1_0.nome) like upper(?) escape '\\'
]]></system-out>
  </testcase>
  <testcase name="testInserirTelefoneDeveSerValidoComPadrao" classname="com.senac.cadastro.PessoaTests" time="0.011"/>
  <testcase name="testInserirEmailDeveSerValidoComPadrao" classname="com.senac.cadastro.PessoaTests" time="0.013"/>
  <testcase name="testInserirDataNascimentoDeveSerValida" classname="com.senac.cadastro.PessoaTests" time="0.012"/>
  <testcase name="testInserirNomeNaoPodeSerEmBrancoOuNulo" classname="com.senac.cadastro.PessoaTests" time="0.017">
    <failure message="Deve haver erros de validação ==&gt; expected: &lt;false&gt; but was: &lt;true&gt;" type="org.opentest4j.AssertionFailedError"><![CDATA[org.opentest4j.AssertionFailedError: Deve haver erros de validação ==> expected: <false> but was: <true>
	at org.junit.jupiter.api.AssertionFailureBuilder.build(AssertionFailureBuilder.java:151)
	at org.junit.jupiter.api.AssertionFailureBuilder.buildAndThrow(AssertionFailureBuilder.java:132)
	at org.junit.jupiter.api.AssertFalse.failNotFalse(AssertFalse.java:63)
	at org.junit.jupiter.api.AssertFalse.assertFalse(AssertFalse.java:36)
	at org.junit.jupiter.api.Assertions.assertFalse(Assertions.java:239)
	at com.senac.cadastro.PessoaTests.testInserirNomeNaoPodeSerEmBrancoOuNulo(PessoaTests.java:50)
	at java.base/java.lang.reflect.Method.invoke(Method.java:569)
	at java.base/java.util.ArrayList.forEach(ArrayList.java:1511)
	at java.base/java.util.ArrayList.forEach(ArrayList.java:1511)
]]></failure>
  </testcase>
</testsuite>